Removed Pin From Net: NetName=GND Pin=D6-1
Removed Pin From Net: NetName=CON1_USB_N Pin=D6-2
Removed Pin From Net: NetName=GND Pin=D7-1
Removed Pin From Net: NetName=+5_VBUS1 Pin=D7-2
Removed Pin From Net: NetName=GND Pin=D8-1
Removed Pin From Net: NetName=CON1_USB_P Pin=D8-2
Removed Pin From Net: NetName=GND Pin=U3-3
Removed Pin From Net: NetName=GND Pin=U3-21
Add Pin To Net: Unknown Pin: Pin C2-3
Add Pin To Net: Unknown Pin: Pin C2-4
Add Pin To Net: Unknown Pin: Pin C3-3
Add Pin To Net: Unknown Pin: Pin C3-4
Add Pin To Net: Unknown Pin: Pin C6-3
Add Pin To Net: Unknown Pin: Pin C6-4
Add Pin To Net: Unknown Pin: Pin D1-25
Add Pin To Net: Unknown Pin: Pin D1-26
Add Pin To Net: Unknown Pin: Pin D2-25
Add Pin To Net: Unknown Pin: Pin D2-26
Add Pin To Net: Unknown Pin: Pin D3-S5
Add Pin To Net: Unknown Pin: Pin D3-S6
Add Pin To Net: Unknown Pin: Pin D4-S5
Add Pin To Net: Unknown Pin: Pin D4-S6
Add Pin To Net: Unknown Pin: Pin D5-S5
Add Pin To Net: Unknown Pin: Pin D5-S6
Add Pin To Net: Unknown Pin: Pin D6-S5
Add Pin To Net: Unknown Pin: Pin D6-S6
Add Pin To Net: Unknown Pin: Pin D7-S5
Add Pin To Net: Unknown Pin: Pin D7-S6
Add Pin To Net: Unknown Pin: Pin D8-S5
Add Pin To Net: Unknown Pin: Pin D8-S6
Added Pin To Net: NetName=GND Pin=J3-A1B12
Added Pin To Net: NetName=+5_VBUS1 Pin=J3-A4B9
Added Pin To Net: NetName=GND Pin=J3-B1A12
Added Pin To Net: NetName=+5_VBUS1 Pin=J3-B4A9
Add Pin To Net: Unknown Pin: Pin J3-S1
Add Pin To Net: Unknown Pin: Pin J3-S2
Add Pin To Net: Unknown Pin: Pin J3-S3
Add Pin To Net: Unknown Pin: Pin J3-S4
Added Pin To Net: NetName=GND Pin=J4-A1B12
Added Pin To Net: NetName=+5_VBUS2 Pin=J4-A4B9
Added Pin To Net: NetName=GND Pin=J4-B1A12
Added Pin To Net: NetName=+5_VBUS2 Pin=J4-B4A9
Add Pin To Net: Unknown Pin: Pin J4-S1
Add Pin To Net: Unknown Pin: Pin J4-S2
Add Pin To Net: Unknown Pin: Pin J4-S3
Add Pin To Net: Unknown Pin: Pin J4-S4
