Removed Pin From Net: NetName=GND Pin=C2-1
Removed Pin From Net: NetName=+3v3_REG Pin=C2-2
Removed Pin From Net: NetName=GND Pin=C3-1
Removed Pin From Net: NetName=+3v3_REG Pin=C3-2
Removed Pin From Net: NetName=GND Pin=C6-1
Removed Pin From Net: NetName=+3V3 Pin=C6-2
Change Component Designator: OldDesignator=D1 NewDesignator=D3
Change Component Designator: OldDesignator=D2 NewDesignator=D4
Change Component Designator: OldDesignator=D3 NewDesignator=D5
Add Pin To Net: Unknown Pin: Pin C2-3
Add Pin To Net: Unknown Pin: Pin C2-4
Add Pin To Net: Unknown Pin: Pin C3-3
Add Pin To Net: Unknown Pin: Pin C3-4
Add Pin To Net: Unknown Pin: Pin C6-3
Add Pin To Net: Unknown Pin: Pin C6-4
Add Pin To Net: Unknown Pin: Pin D1-25
Add Pin To Net: Unknown Pin: Pin D1-26
Add Pin To Net: Unknown Pin: Pin D2-25
Add Pin To Net: Unknown Pin: Pin D2-26
Add Pin To Net: Unknown Pin: Pin D3-S5
Add Pin To Net: Unknown Pin: Pin D3-S6
Add Pin To Net: Unknown Pin: Pin D4-S5
Add Pin To Net: Unknown Pin: Pin D4-S6
Add Pin To Net: Unknown Pin: Pin D5-S5
Add Pin To Net: Unknown Pin: Pin D5-S6
Add Pin To Net: Unknown Pin: Pin D6-S5
Add Pin To Net: Unknown Pin: Pin D6-S6
Add Pin To Net: Unknown Pin: Pin D7-S5
Add Pin To Net: Unknown Pin: Pin D7-S6
Add Pin To Net: Unknown Pin: Pin D8-S5
Add Pin To Net: Unknown Pin: Pin D8-S6
