Added Pin To Net: NetName=GND Pin=C2-1
Added Pin To Net: NetName=+3v3_REG Pin=C2-2
Added Pin To Net: NetName=GND Pin=C3-1
Added Pin To Net: NetName=+3v3_REG Pin=C3-2
Added Pin To Net: NetName=GND Pin=C6-1
Added Pin To Net: NetName=+3V3 Pin=C6-2
Add Pin To Net: Unknown Pin: Pin D1-25
Add Pin To Net: Unknown Pin: Pin D1-26
Add Pin To Net: Unknown Pin: Pin D2-25
Add Pin To Net: Unknown Pin: Pin D2-26
Add Pin To Net: Unknown Pin: Pin D3-S5
Add Pin To Net: Unknown Pin: Pin D3-S6
Add Pin To Net: Unknown Pin: Pin D4-S5
Add Pin To Net: Unknown Pin: Pin D4-S6
Add Pin To Net: Unknown Pin: Pin D5-S5
Add Pin To Net: Unknown Pin: Pin D5-S6
Add Pin To Net: Unknown Pin: Pin D6-S5
Add Pin To Net: Unknown Pin: Pin D6-S6
Add Pin To Net: Unknown Pin: Pin D7-S5
Add Pin To Net: Unknown Pin: Pin D7-S6
Add Pin To Net: Unknown Pin: Pin D8-S5
Add Pin To Net: Unknown Pin: Pin D8-S6
